geckodriver: error: Found argument '--websocket-port' which wasn't expected, or isn't valid in this context

USAGE:
    geckodriver --port <PORT>

For more information try --help

geckodriver: error: Found argument '--websocket-port' which wasn't expected, or isn't valid in this context

USAGE:
    geckodriver --port <PORT>

For more information try --help

1671124411363	geckodriver	INFO	Listening on 127.0.0.1:34307
1671124411909	mozrunner::runner	INFO	Running command: "/usr/bin/firefox" "--marionette" "--remote-debugging-port" "36445" "--remote-allow-hosts" "localhost" "-no-remote" "-profile" "/tmp/rust_mozprofilepkAlpT"
1671124412994	Marionette	INFO	Marionette enabled
1671124413001	Marionette	INFO	Listening on port 34175
WebDriver BiDi listening on ws://localhost:36445
Read port: 34175
JavaScript error: resource://gre/modules/addons/XPIInstall.jsm, line 691: Error: File resource://builtin-themes/resource://builtin-themes/dark/ does not contain a valid manifest
1671124413263	RemoteAgent	WARN	TLS certificate errors will be ignored for this session
console.warn: SearchSettings: "get: No settings file exists, new profile?" (new NotFoundError("Could not open the file at /tmp/rust_mozprofilepkAlpT/search.json.mozlz4", (void 0)))
Missing chrome or resource URL: resource://gre/modules/UpdateListener.jsm
Missing chrome or resource URL: resource://gre/modules/UpdateListener.sys.mjs
DevTools listening on ws://localhost:36445/devtools/browser/bdb4618e-8b60-4c87-a185-1bcc3ac1d3d3
1671124430438	Marionette	WARN	Ignoring event 'pageshow' because document has an invalid readyState of 'uninitialized'.
1671124433564	Marionette	WARN	Ignoring event 'pageshow' because document has an invalid readyState of 'uninitialized'.
Exiting due to channel error.
Exiting due to channel error.
Exiting due to channel error.
1671124515065	geckodriver	INFO	Listening on 127.0.0.1:59543
1671124515609	mozrunner::runner	INFO	Running command: "/usr/bin/firefox" "--marionette" "--remote-debugging-port" "39111" "--remote-allow-hosts" "localhost" "-no-remote" "-profile" "/tmp/rust_mozprofilePDeUqu"
1671124516399	Marionette	INFO	Marionette enabled
1671124516405	Marionette	INFO	Listening on port 35737
WebDriver BiDi listening on ws://localhost:39111
Read port: 35737
JavaScript error: resource://gre/modules/addons/XPIInstall.jsm, line 691: Error: File resource://builtin-themes/resource://builtin-themes/dark/ does not contain a valid manifest
1671124516648	RemoteAgent	WARN	TLS certificate errors will be ignored for this session
console.warn: SearchSettings: "get: No settings file exists, new profile?" (new NotFoundError("Could not open the file at /tmp/rust_mozprofilePDeUqu/search.json.mozlz4", (void 0)))
Missing chrome or resource URL: resource://gre/modules/UpdateListener.jsm
Missing chrome or resource URL: resource://gre/modules/UpdateListener.sys.mjs
DevTools listening on ws://localhost:39111/devtools/browser/33fcd1b9-be49-4b17-84e6-2c25781e5392
1671124529047	Marionette	INFO	Stopped listening on port 35737
Missing chrome or resource URL: resource://gre/modules/UpdateListener.jsm
Missing chrome or resource URL: resource://gre/modules/UpdateListener.sys.mjs
console.error: "Error during quit-application-granted: [Exception... \"File error: Not found\"  nsresult: \"0x80520012 (NS_ERROR_FILE_NOT_FOUND)\"  location: \"JS frame :: resource:///modules/BrowserGlue.jsm :: _onQuitApplicationGranted/tasks< :: line 1996\"  data: no]"
JavaScript error: resource://gre/modules/ClientID.jsm, line 364: NS_ERROR_UNEXPECTED: Component returned failure code: 0x8000ffff (NS_ERROR_UNEXPECTED) [nsIPrefBranch.setStringPref]
1671124552619	geckodriver	INFO	Listening on 127.0.0.1:50427
1671124552661	mozrunner::runner	INFO	Running command: "/usr/bin/firefox" "--marionette" "--remote-debugging-port" "41521" "--remote-allow-hosts" "localhost" "-no-remote" "-profile" "/tmp/rust_mozprofile0XB6xj"
1671124553419	Marionette	INFO	Marionette enabled
1671124553424	Marionette	INFO	Listening on port 43815
WebDriver BiDi listening on ws://localhost:41521
Read port: 43815
JavaScript error: resource://gre/modules/addons/XPIInstall.jsm, line 691: Error: File resource://builtin-themes/resource://builtin-themes/dark/ does not contain a valid manifest
1671124553655	RemoteAgent	WARN	TLS certificate errors will be ignored for this session
console.warn: SearchSettings: "get: No settings file exists, new profile?" (new NotFoundError("Could not open the file at /tmp/rust_mozprofile0XB6xj/search.json.mozlz4", (void 0)))
Missing chrome or resource URL: resource://gre/modules/UpdateListener.jsm
Missing chrome or resource URL: resource://gre/modules/UpdateListener.sys.mjs
DevTools listening on ws://localhost:41521/devtools/browser/bb9e7182-1eb5-448d-9d14-946cbc3a05d5
1671124560293	Marionette	INFO	Stopped listening on port 43815
Missing chrome or resource URL: resource://gre/modules/UpdateListener.jsm
Missing chrome or resource URL: resource://gre/modules/UpdateListener.sys.mjs
console.error: "Error during quit-application-granted: [Exception... \"File error: Not found\"  nsresult: \"0x80520012 (NS_ERROR_FILE_NOT_FOUND)\"  location: \"JS frame :: resource:///modules/BrowserGlue.jsm :: _onQuitApplicationGranted/tasks< :: line 1996\"  data: no]"
JavaScript error: resource://gre/modules/ClientID.jsm, line 364: NS_ERROR_UNEXPECTED: Component returned failure code: 0x8000ffff (NS_ERROR_UNEXPECTED) [nsIPrefBranch.setStringPref]
1671124628651	geckodriver	INFO	Listening on 127.0.0.1:45271
1671124628689	mozrunner::runner	INFO	Running command: "/usr/bin/firefox" "--marionette" "--remote-debugging-port" "53445" "--remote-allow-hosts" "localhost" "-no-remote" "-profile" "/tmp/rust_mozprofilecU62Gj"
1671124629496	Marionette	INFO	Marionette enabled
1671124629502	Marionette	INFO	Listening on port 46631
WebDriver BiDi listening on ws://localhost:53445
Read port: 46631
JavaScript error: resource://gre/modules/addons/XPIInstall.jsm, line 691: Error: File resource://builtin-themes/resource://builtin-themes/dark/ does not contain a valid manifest
1671124629753	RemoteAgent	WARN	TLS certificate errors will be ignored for this session
console.warn: SearchSettings: "get: No settings file exists, new profile?" (new NotFoundError("Could not open the file at /tmp/rust_mozprofilecU62Gj/search.json.mozlz4", (void 0)))
Missing chrome or resource URL: resource://gre/modules/UpdateListener.jsm
Missing chrome or resource URL: resource://gre/modules/UpdateListener.sys.mjs
DevTools listening on ws://localhost:53445/devtools/browser/e929d390-259d-4ad6-89f3-c090f19d7912
Missing chrome or resource URL: resource://gre/modules/UpdateListener.jsm
Missing chrome or resource URL: resource://gre/modules/UpdateListener.sys.mjs
console.error: "Error during quit-application-granted: [Exception... \"File error: Not found\"  nsresult: \"0x80520012 (NS_ERROR_FILE_NOT_FOUND)\"  location: \"JS frame :: resource:///modules/BrowserGlue.jsm :: _onQuitApplicationGranted/tasks< :: line 1996\"  data: no]"
1671124675426	Marionette	INFO	Stopped listening on port 46631
1671124739046	geckodriver	INFO	Listening on 127.0.0.1:58935
1671124739592	mozrunner::runner	INFO	Running command: "/usr/bin/firefox" "--marionette" "--remote-debugging-port" "49391" "--remote-allow-hosts" "localhost" "-no-remote" "-profile" "/tmp/rust_mozprofileF556OK"
1671124740331	Marionette	INFO	Marionette enabled
1671124740336	Marionette	INFO	Listening on port 46213
WebDriver BiDi listening on ws://localhost:49391
Read port: 46213
JavaScript error: resource://gre/modules/addons/XPIInstall.jsm, line 691: Error: File resource://builtin-themes/resource://builtin-themes/dark/ does not contain a valid manifest
1671124740535	RemoteAgent	WARN	TLS certificate errors will be ignored for this session
console.warn: SearchSettings: "get: No settings file exists, new profile?" (new NotFoundError("Could not open the file at /tmp/rust_mozprofileF556OK/search.json.mozlz4", (void 0)))
Missing chrome or resource URL: resource://gre/modules/UpdateListener.jsm
Missing chrome or resource URL: resource://gre/modules/UpdateListener.sys.mjs
DevTools listening on ws://localhost:49391/devtools/browser/82d0e97a-fe18-4069-b0d6-6e6dbe1ccf85
1671124857169	geckodriver	INFO	Listening on 127.0.0.1:53169
1671124857211	mozrunner::runner	INFO	Running command: "/usr/bin/firefox" "--marionette" "--remote-debugging-port" "51119" "--remote-allow-hosts" "localhost" "-no-remote" "-profile" "/tmp/rust_mozprofilep8H38Y"
1671124858123	Marionette	INFO	Marionette enabled
1671124858128	Marionette	INFO	Listening on port 43257
WebDriver BiDi listening on ws://localhost:51119
Read port: 43257
JavaScript error: resource://gre/modules/addons/XPIInstall.jsm, line 691: Error: File resource://builtin-themes/resource://builtin-themes/dark/ does not contain a valid manifest
1671124858349	RemoteAgent	WARN	TLS certificate errors will be ignored for this session
console.warn: SearchSettings: "get: No settings file exists, new profile?" (new NotFoundError("Could not open the file at /tmp/rust_mozprofilep8H38Y/search.json.mozlz4", (void 0)))
Missing chrome or resource URL: resource://gre/modules/UpdateListener.jsm
Missing chrome or resource URL: resource://gre/modules/UpdateListener.sys.mjs
DevTools listening on ws://localhost:51119/devtools/browser/380d50cb-6257-4d7e-9b51-66fd6efd09c2
1671124874078	Marionette	INFO	Stopped listening on port 43257
Missing chrome or resource URL: resource://gre/modules/UpdateListener.jsm
Missing chrome or resource URL: resource://gre/modules/UpdateListener.sys.mjs
console.error: "Error during quit-application-granted: [Exception... \"File error: Not found\"  nsresult: \"0x80520012 (NS_ERROR_FILE_NOT_FOUND)\"  location: \"JS frame :: resource:///modules/BrowserGlue.jsm :: _onQuitApplicationGranted/tasks< :: line 1996\"  data: no]"
JavaScript error: resource://gre/modules/ClientID.jsm, line 364: NS_ERROR_UNEXPECTED: Component returned failure code: 0x8000ffff (NS_ERROR_UNEXPECTED) [nsIPrefBranch.setStringPref]
1671124918950	geckodriver	INFO	Listening on 127.0.0.1:36941
1671124919487	mozrunner::runner	INFO	Running command: "/usr/bin/firefox" "--marionette" "--remote-debugging-port" "32957" "--remote-allow-hosts" "localhost" "-no-remote" "-profile" "/tmp/rust_mozprofileWyw7kF"
1671124920310	Marionette	INFO	Marionette enabled
1671124920318	Marionette	INFO	Listening on port 33941
WebDriver BiDi listening on ws://localhost:32957
Read port: 33941
JavaScript error: resource://gre/modules/addons/XPIInstall.jsm, line 691: Error: File resource://builtin-themes/resource://builtin-themes/dark/ does not contain a valid manifest
1671124920537	RemoteAgent	WARN	TLS certificate errors will be ignored for this session
console.warn: SearchSettings: "get: No settings file exists, new profile?" (new NotFoundError("Could not open the file at /tmp/rust_mozprofileWyw7kF/search.json.mozlz4", (void 0)))
Missing chrome or resource URL: resource://gre/modules/UpdateListener.jsm
Missing chrome or resource URL: resource://gre/modules/UpdateListener.sys.mjs
DevTools listening on ws://localhost:32957/devtools/browser/b9d53c68-33b4-47cd-ab1c-3d4f48beebb5
1671124939559	Marionette	WARN	Ignoring event 'pageshow' because document has an invalid readyState of 'uninitialized'.
1671124943167	Marionette	WARN	Ignoring event 'pageshow' because document has an invalid readyState of 'uninitialized'.
1671124945254	Marionette	WARN	Ignoring event 'pageshow' because document has an invalid readyState of 'uninitialized'.
Missing chrome or resource URL: resource://gre/modules/UpdateListener.jsm
Missing chrome or resource URL: resource://gre/modules/UpdateListener.sys.mjs
console.error: "Error during quit-application-granted: [Exception... \"File error: Not found\"  nsresult: \"0x80520012 (NS_ERROR_FILE_NOT_FOUND)\"  location: \"JS frame :: resource:///modules/BrowserGlue.jsm :: _onQuitApplicationGranted/tasks< :: line 1996\"  data: no]"
1671124978232	Marionette	INFO	Stopped listening on port 46213
Marionette threw an error: TypeError: this.curBrowser.contentBrowser is null
GeckoDriver.prototype.navigateTo@chrome://remote/content/marionette/driver.js:825:3

1671125032524	geckodriver	INFO	Listening on 127.0.0.1:50147
1671125032573	mozrunner::runner	INFO	Running command: "/usr/bin/firefox" "--marionette" "--remote-debugging-port" "57575" "--remote-allow-hosts" "localhost" "-no-remote" "-profile" "/tmp/rust_mozprofileKYthHK"
1671125033384	Marionette	INFO	Marionette enabled
1671125033389	Marionette	INFO	Listening on port 42779
WebDriver BiDi listening on ws://localhost:57575
Read port: 42779
JavaScript error: resource://gre/modules/addons/XPIInstall.jsm, line 691: Error: File resource://builtin-themes/resource://builtin-themes/dark/ does not contain a valid manifest
1671125033619	RemoteAgent	WARN	TLS certificate errors will be ignored for this session
console.warn: SearchSettings: "get: No settings file exists, new profile?" (new NotFoundError("Could not open the file at /tmp/rust_mozprofileKYthHK/search.json.mozlz4", (void 0)))
Missing chrome or resource URL: resource://gre/modules/UpdateListener.jsm
Missing chrome or resource URL: resource://gre/modules/UpdateListener.sys.mjs
DevTools listening on ws://localhost:57575/devtools/browser/06e365c9-0822-4e3b-b7c8-1a4eac4a2272
1671125048668	Marionette	WARN	Ignoring event 'pageshow' because document has an invalid readyState of 'uninitialized'.
1671125125582	Marionette	WARN	Ignoring event 'pageshow' because document has an invalid readyState of 'uninitialized'.
Missing chrome or resource URL: resource://gre/modules/UpdateListener.jsm
Missing chrome or resource URL: resource://gre/modules/UpdateListener.sys.mjs
console.error: "Error during quit-application-granted: [Exception... \"File error: Not found\"  nsresult: \"0x80520012 (NS_ERROR_FILE_NOT_FOUND)\"  location: \"JS frame :: resource:///modules/BrowserGlue.jsm :: _onQuitApplicationGranted/tasks< :: line 1996\"  data: no]"
1671125135759	Marionette	INFO	Stopped listening on port 42779
Missing chrome or resource URL: resource://gre/modules/UpdateListener.jsm
Missing chrome or resource URL: resource://gre/modules/UpdateListener.sys.mjs
console.error: "Error during quit-application-granted: [Exception... \"File error: Not found\"  nsresult: \"0x80520012 (NS_ERROR_FILE_NOT_FOUND)\"  location: \"JS frame :: resource:///modules/BrowserGlue.jsm :: _onQuitApplicationGranted/tasks< :: line 1996\"  data: no]"
1671125139424	Marionette	INFO	Stopped listening on port 33941
1671125160337	geckodriver	INFO	Listening on 127.0.0.1:39359
1671125160889	mozrunner::runner	INFO	Running command: "/usr/bin/firefox" "--marionette" "--remote-debugging-port" "52835" "--remote-allow-hosts" "localhost" "-no-remote" "-profile" "/tmp/rust_mozprofilewsNuSu"
1671125161655	Marionette	INFO	Marionette enabled
1671125161661	Marionette	INFO	Listening on port 33621
WebDriver BiDi listening on ws://localhost:52835
Read port: 33621
JavaScript error: resource://gre/modules/addons/XPIInstall.jsm, line 691: Error: File resource://builtin-themes/resource://builtin-themes/dark/ does not contain a valid manifest
1671125161868	RemoteAgent	WARN	TLS certificate errors will be ignored for this session
console.warn: SearchSettings: "get: No settings file exists, new profile?" (new NotFoundError("Could not open the file at /tmp/rust_mozprofilewsNuSu/search.json.mozlz4", (void 0)))
Missing chrome or resource URL: resource://gre/modules/UpdateListener.jsm
Missing chrome or resource URL: resource://gre/modules/UpdateListener.sys.mjs
DevTools listening on ws://localhost:52835/devtools/browser/d10f0817-1a02-4c96-8400-eff6b8302610
JavaScript error: https://boardreader.com/s/dada.html;period=365;language=English line 5 > injectedScript, line 9: TypeError: a is null
1671125170428	Marionette	INFO	Stopped listening on port 33621
Missing chrome or resource URL: resource://gre/modules/UpdateListener.jsm
Missing chrome or resource URL: resource://gre/modules/UpdateListener.sys.mjs
console.error: "Error during quit-application-granted: [Exception... \"File error: Not found\"  nsresult: \"0x80520012 (NS_ERROR_FILE_NOT_FOUND)\"  location: \"JS frame :: resource:///modules/BrowserGlue.jsm :: _onQuitApplicationGranted/tasks< :: line 1996\"  data: no]"
JavaScript error: resource://gre/modules/ClientID.jsm, line 364: NS_ERROR_UNEXPECTED: Component returned failure code: 0x8000ffff (NS_ERROR_UNEXPECTED) [nsIPrefBranch.setStringPref]
1671125198208	geckodriver	INFO	Listening on 127.0.0.1:47911
1671125198749	mozrunner::runner	INFO	Running command: "/usr/bin/firefox" "--marionette" "--remote-debugging-port" "58665" "--remote-allow-hosts" "localhost" "-no-remote" "-profile" "/tmp/rust_mozprofilefrNzsi"
1671125199478	Marionette	INFO	Marionette enabled
1671125199483	Marionette	INFO	Listening on port 37929
WebDriver BiDi listening on ws://localhost:58665
Read port: 37929
JavaScript error: resource://gre/modules/addons/XPIInstall.jsm, line 691: Error: File resource://builtin-themes/resource://builtin-themes/dark/ does not contain a valid manifest
1671125199681	RemoteAgent	WARN	TLS certificate errors will be ignored for this session
console.warn: SearchSettings: "get: No settings file exists, new profile?" (new NotFoundError("Could not open the file at /tmp/rust_mozprofilefrNzsi/search.json.mozlz4", (void 0)))
Missing chrome or resource URL: resource://gre/modules/UpdateListener.jsm
Missing chrome or resource URL: resource://gre/modules/UpdateListener.sys.mjs
DevTools listening on ws://localhost:58665/devtools/browser/6ce41014-7ba8-47bf-8947-a8c3e7cd4c38
1671125214402	Marionette	WARN	Ignoring event 'pageshow' because document has an invalid readyState of 'uninitialized'.
Missing chrome or resource URL: resource://gre/modules/UpdateListener.jsm
Missing chrome or resource URL: resource://gre/modules/UpdateListener.sys.mjs
console.error: "Error during quit-application-granted: [Exception... \"File error: Not found\"  nsresult: \"0x80520012 (NS_ERROR_FILE_NOT_FOUND)\"  location: \"JS frame :: resource:///modules/BrowserGlue.jsm :: _onQuitApplicationGranted/tasks< :: line 1996\"  data: no]"
1671125243989	Marionette	INFO	Stopped listening on port 37929
1671125261266	geckodriver	INFO	Listening on 127.0.0.1:52407
1671125261301	mozrunner::runner	INFO	Running command: "/usr/bin/firefox" "--marionette" "--remote-debugging-port" "46307" "--remote-allow-hosts" "localhost" "-no-remote" "-profile" "/tmp/rust_mozprofilex1IW06"
1671125262053	Marionette	INFO	Marionette enabled
1671125262057	Marionette	INFO	Listening on port 36619
WebDriver BiDi listening on ws://localhost:46307
Read port: 36619
JavaScript error: resource://gre/modules/addons/XPIInstall.jsm, line 691: Error: File resource://builtin-themes/resource://builtin-themes/dark/ does not contain a valid manifest
1671125262298	RemoteAgent	WARN	TLS certificate errors will be ignored for this session
console.warn: SearchSettings: "get: No settings file exists, new profile?" (new NotFoundError("Could not open the file at /tmp/rust_mozprofilex1IW06/search.json.mozlz4", (void 0)))
Missing chrome or resource URL: resource://gre/modules/UpdateListener.jsm
Missing chrome or resource URL: resource://gre/modules/UpdateListener.sys.mjs
DevTools listening on ws://localhost:46307/devtools/browser/80b2fdf3-7ca2-4fac-8a17-c552b0012aa1
1671125270971	Marionette	INFO	Stopped listening on port 36619
Missing chrome or resource URL: resource://gre/modules/UpdateListener.jsm
Missing chrome or resource URL: resource://gre/modules/UpdateListener.sys.mjs
console.error: "Error during quit-application-granted: [Exception... \"File error: Not found\"  nsresult: \"0x80520012 (NS_ERROR_FILE_NOT_FOUND)\"  location: \"JS frame :: resource:///modules/BrowserGlue.jsm :: _onQuitApplicationGranted/tasks< :: line 1996\"  data: no]"
JavaScript error: resource://gre/modules/ClientID.jsm, line 364: NS_ERROR_UNEXPECTED: Component returned failure code: 0x8000ffff (NS_ERROR_UNEXPECTED) [nsIPrefBranch.setStringPref]
1671125324710	geckodriver	INFO	Listening on 127.0.0.1:49167
1671125325256	mozrunner::runner	INFO	Running command: "/usr/bin/firefox" "--marionette" "--remote-debugging-port" "53449" "--remote-allow-hosts" "localhost" "-no-remote" "-profile" "/tmp/rust_mozprofile4o5ISN"
1671125326049	Marionette	INFO	Marionette enabled
1671125326054	Marionette	INFO	Listening on port 45365
WebDriver BiDi listening on ws://localhost:53449
Read port: 45365
JavaScript error: resource://gre/modules/addons/XPIInstall.jsm, line 691: Error: File resource://builtin-themes/resource://builtin-themes/dark/ does not contain a valid manifest
1671125326256	RemoteAgent	WARN	TLS certificate errors will be ignored for this session
console.warn: SearchSettings: "get: No settings file exists, new profile?" (new NotFoundError("Could not open the file at /tmp/rust_mozprofile4o5ISN/search.json.mozlz4", (void 0)))
Missing chrome or resource URL: resource://gre/modules/UpdateListener.jsm
Missing chrome or resource URL: resource://gre/modules/UpdateListener.sys.mjs
DevTools listening on ws://localhost:53449/devtools/browser/d3502ca7-0653-45cf-87a2-e4c8bdbb1507
Missing chrome or resource URL: resource://gre/modules/UpdateListener.jsm
Missing chrome or resource URL: resource://gre/modules/UpdateListener.sys.mjs
console.error: "Error during quit-application-granted: [Exception... \"File error: Not found\"  nsresult: \"0x80520012 (NS_ERROR_FILE_NOT_FOUND)\"  location: \"JS frame :: resource:///modules/BrowserGlue.jsm :: _onQuitApplicationGranted/tasks< :: line 1996\"  data: no]"
1671125427869	Marionette	INFO	Stopped listening on port 45365
1671125437543	geckodriver	INFO	Listening on 127.0.0.1:56397
1671125438088	mozrunner::runner	INFO	Running command: "/usr/bin/firefox" "--marionette" "--remote-debugging-port" "38427" "--remote-allow-hosts" "localhost" "-no-remote" "-profile" "/tmp/rust_mozprofileX4ukyK"
1671125438898	Marionette	INFO	Marionette enabled
1671125438905	Marionette	INFO	Listening on port 39425
WebDriver BiDi listening on ws://localhost:38427
Read port: 39425
JavaScript error: resource://gre/modules/addons/XPIInstall.jsm, line 691: Error: File resource://builtin-themes/resource://builtin-themes/dark/ does not contain a valid manifest
1671125439117	RemoteAgent	WARN	TLS certificate errors will be ignored for this session
console.warn: SearchSettings: "get: No settings file exists, new profile?" (new NotFoundError("Could not open the file at /tmp/rust_mozprofileX4ukyK/search.json.mozlz4", (void 0)))
Missing chrome or resource URL: resource://gre/modules/UpdateListener.jsm
Missing chrome or resource URL: resource://gre/modules/UpdateListener.sys.mjs
DevTools listening on ws://localhost:38427/devtools/browser/a22683a0-98fc-42a2-a5ec-d0785daca055
1671125489177	geckodriver	INFO	Listening on 127.0.0.1:53387
1671125489727	mozrunner::runner	INFO	Running command: "/usr/bin/firefox" "--marionette" "--remote-debugging-port" "48699" "--remote-allow-hosts" "localhost" "-no-remote" "-profile" "/tmp/rust_mozprofileEfpH8L"
1671125490620	Marionette	INFO	Marionette enabled
1671125490627	Marionette	INFO	Listening on port 34895
WebDriver BiDi listening on ws://localhost:48699
Read port: 34895
JavaScript error: resource://gre/modules/addons/XPIInstall.jsm, line 691: Error: File resource://builtin-themes/resource://builtin-themes/dark/ does not contain a valid manifest
1671125490880	RemoteAgent	WARN	TLS certificate errors will be ignored for this session
console.warn: SearchSettings: "get: No settings file exists, new profile?" (new NotFoundError("Could not open the file at /tmp/rust_mozprofileEfpH8L/search.json.mozlz4", (void 0)))
Missing chrome or resource URL: resource://gre/modules/UpdateListener.jsm
Missing chrome or resource URL: resource://gre/modules/UpdateListener.sys.mjs
DevTools listening on ws://localhost:48699/devtools/browser/6e629ba3-60a8-4ecb-aca8-42e492f2a305
1671125525558	Marionette	WARN	Ignoring event 'pageshow' because document has an invalid readyState of 'uninitialized'.
1671125539285	Marionette	WARN	Ignoring event 'pageshow' because document has an invalid readyState of 'uninitialized'.
Missing chrome or resource URL: resource://gre/modules/UpdateListener.jsm
Missing chrome or resource URL: resource://gre/modules/UpdateListener.sys.mjs
console.error: "Error during quit-application-granted: [Exception... \"File error: Not found\"  nsresult: \"0x80520012 (NS_ERROR_FILE_NOT_FOUND)\"  location: \"JS frame :: resource:///modules/BrowserGlue.jsm :: _onQuitApplicationGranted/tasks< :: line 1996\"  data: no]"
1671125563948	Marionette	INFO	Stopped listening on port 34895
Missing chrome or resource URL: resource://gre/modules/UpdateListener.jsm
Missing chrome or resource URL: resource://gre/modules/UpdateListener.sys.mjs
console.error: "Error during quit-application-granted: [Exception... \"File error: Not found\"  nsresult: \"0x80520012 (NS_ERROR_FILE_NOT_FOUND)\"  location: \"JS frame :: resource:///modules/BrowserGlue.jsm :: _onQuitApplicationGranted/tasks< :: line 1996\"  data: no]"
1671125566868	Marionette	INFO	Stopped listening on port 39425
1671125576215	geckodriver	INFO	Listening on 127.0.0.1:34329
1671125576262	mozrunner::runner	INFO	Running command: "/usr/bin/firefox" "--marionette" "--remote-debugging-port" "33675" "--remote-allow-hosts" "localhost" "-no-remote" "-profile" "/tmp/rust_mozprofilehU63FD"
1671125577044	Marionette	INFO	Marionette enabled
1671125577051	Marionette	INFO	Listening on port 37881
WebDriver BiDi listening on ws://localhost:33675
Read port: 37881
JavaScript error: resource://gre/modules/addons/XPIInstall.jsm, line 691: Error: File resource://builtin-themes/resource://builtin-themes/dark/ does not contain a valid manifest
1671125577259	RemoteAgent	WARN	TLS certificate errors will be ignored for this session
console.warn: SearchSettings: "get: No settings file exists, new profile?" (new NotFoundError("Could not open the file at /tmp/rust_mozprofilehU63FD/search.json.mozlz4", (void 0)))
Missing chrome or resource URL: resource://gre/modules/UpdateListener.jsm
Missing chrome or resource URL: resource://gre/modules/UpdateListener.sys.mjs
DevTools listening on ws://localhost:33675/devtools/browser/7d097e86-f9d5-4590-b633-98a6f44ed673
1671125615574	geckodriver	INFO	Listening on 127.0.0.1:36923
1671125616145	mozrunner::runner	INFO	Running command: "/usr/bin/firefox" "--marionette" "--remote-debugging-port" "43735" "--remote-allow-hosts" "localhost" "-no-remote" "-profile" "/tmp/rust_mozprofileBLaZF2"
1671125617357	Marionette	INFO	Marionette enabled
1671125617374	Marionette	INFO	Listening on port 40581
WebDriver BiDi listening on ws://localhost:43735
Read port: 40581
Missing chrome or resource URL: resource://gre/modules/UpdateListener.jsm
Missing chrome or resource URL: resource://gre/modules/UpdateListener.sys.mjs
console.error: "Error during quit-application-granted: [Exception... \"File error: Not found\"  nsresult: \"0x80520012 (NS_ERROR_FILE_NOT_FOUND)\"  location: \"JS frame :: resource:///modules/BrowserGlue.jsm :: _onQuitApplicationGranted/tasks< :: line 1996\"  data: no]"
1671125617629	Marionette	INFO	Stopped listening on port 37881
JavaScript error: resource://gre/modules/addons/XPIInstall.jsm, line 691: Error: File resource://builtin-themes/resource://builtin-themes/dark/ does not contain a valid manifest
1671125617944	RemoteAgent	WARN	TLS certificate errors will be ignored for this session
console.warn: SearchSettings: "get: No settings file exists, new profile?" (new NotFoundError("Could not open the file at /tmp/rust_mozprofileBLaZF2/search.json.mozlz4", (void 0)))
Missing chrome or resource URL: resource://gre/modules/UpdateListener.jsm
Missing chrome or resource URL: resource://gre/modules/UpdateListener.sys.mjs
DevTools listening on ws://localhost:43735/devtools/browser/e80c700a-db74-4981-a114-a3cd0f1e0cca
1671125652761	Marionette	WARN	Ignoring event 'pageshow' because document has an invalid readyState of 'uninitialized'.
1671125666699	Marionette	WARN	Ignoring event 'pageshow' because document has an invalid readyState of 'uninitialized'.
Marionette threw an error: TypeError: this.curBrowser.contentBrowser is null
GeckoDriver.prototype.navigateTo@chrome://remote/content/marionette/driver.js:825:3

Missing chrome or resource URL: resource://gre/modules/UpdateListener.jsm
Missing chrome or resource URL: resource://gre/modules/UpdateListener.sys.mjs
console.error: "Error during quit-application-granted: [Exception... \"File error: Not found\"  nsresult: \"0x80520012 (NS_ERROR_FILE_NOT_FOUND)\"  location: \"JS frame :: resource:///modules/BrowserGlue.jsm :: _onQuitApplicationGranted/tasks< :: line 1996\"  data: no]"
1671125706916	Marionette	INFO	Stopped listening on port 40581
1671125745405	geckodriver	INFO	Listening on 127.0.0.1:36163
1671125745949	mozrunner::runner	INFO	Running command: "/usr/bin/firefox" "--marionette" "--remote-debugging-port" "44889" "--remote-allow-hosts" "localhost" "-no-remote" "-profile" "/tmp/rust_mozprofilefYaTEe"
1671125746720	Marionette	INFO	Marionette enabled
1671125746725	Marionette	INFO	Listening on port 39953
WebDriver BiDi listening on ws://localhost:44889
Read port: 39953
JavaScript error: resource://gre/modules/addons/XPIInstall.jsm, line 691: Error: File resource://builtin-themes/resource://builtin-themes/dark/ does not contain a valid manifest
1671125746950	RemoteAgent	WARN	TLS certificate errors will be ignored for this session
console.warn: SearchSettings: "get: No settings file exists, new profile?" (new NotFoundError("Could not open the file at /tmp/rust_mozprofilefYaTEe/search.json.mozlz4", (void 0)))
Missing chrome or resource URL: resource://gre/modules/UpdateListener.jsm
Missing chrome or resource URL: resource://gre/modules/UpdateListener.sys.mjs
DevTools listening on ws://localhost:44889/devtools/browser/1f3afec5-6a78-41ee-9bc3-ef2d5b8b5fd6
1671125765643	Marionette	INFO	Stopped listening on port 39953
Missing chrome or resource URL: resource://gre/modules/UpdateListener.jsm
Missing chrome or resource URL: resource://gre/modules/UpdateListener.sys.mjs
console.error: "Error during quit-application-granted: [Exception... \"File error: Not found\"  nsresult: \"0x80520012 (NS_ERROR_FILE_NOT_FOUND)\"  location: \"JS frame :: resource:///modules/BrowserGlue.jsm :: _onQuitApplicationGranted/tasks< :: line 1996\"  data: no]"
1671126176154	geckodriver	INFO	Listening on 127.0.0.1:37153
1671126176698	mozrunner::runner	INFO	Running command: "/usr/bin/firefox" "--marionette" "--remote-debugging-port" "58167" "--remote-allow-hosts" "localhost" "-no-remote" "-profile" "/tmp/rust_mozprofileDLedDZ"
1671126177480	Marionette	INFO	Marionette enabled
1671126177484	Marionette	INFO	Listening on port 45209
WebDriver BiDi listening on ws://localhost:58167
Read port: 45209
JavaScript error: resource://gre/modules/addons/XPIInstall.jsm, line 691: Error: File resource://builtin-themes/resource://builtin-themes/dark/ does not contain a valid manifest
1671126177709	RemoteAgent	WARN	TLS certificate errors will be ignored for this session
console.warn: SearchSettings: "get: No settings file exists, new profile?" (new NotFoundError("Could not open the file at /tmp/rust_mozprofileDLedDZ/search.json.mozlz4", (void 0)))
Missing chrome or resource URL: resource://gre/modules/UpdateListener.jsm
Missing chrome or resource URL: resource://gre/modules/UpdateListener.sys.mjs
DevTools listening on ws://localhost:58167/devtools/browser/248eda0a-d1e9-4625-9c8b-6dd28c8da35a
1671126194812	Marionette	INFO	Stopped listening on port 45209
Missing chrome or resource URL: resource://gre/modules/UpdateListener.jsm
Missing chrome or resource URL: resource://gre/modules/UpdateListener.sys.mjs
console.error: "Error during quit-application-granted: [Exception... \"File error: Not found\"  nsresult: \"0x80520012 (NS_ERROR_FILE_NOT_FOUND)\"  location: \"JS frame :: resource:///modules/BrowserGlue.jsm :: _onQuitApplicationGranted/tasks< :: line 1996\"  data: no]"
1671126457066	geckodriver	INFO	Listening on 127.0.0.1:54609
1671126457607	mozrunner::runner	INFO	Running command: "/usr/bin/firefox" "--marionette" "--headless" "--remote-debugging-port" "40907" "--remote-allow-hosts" "localhost" "-no-remote" "-profile" "/tmp/rust_mozprofilecWSBiu"
*** You are running in headless mode.
1671126458059	Marionette	INFO	Marionette enabled
1671126458066	Marionette	INFO	Listening on port 38109
WebDriver BiDi listening on ws://localhost:40907
Read port: 38109
JavaScript error: resource://gre/modules/addons/XPIInstall.jsm, line 691: Error: File resource://builtin-themes/resource://builtin-themes/dark/ does not contain a valid manifest
1671126458288	RemoteAgent	WARN	TLS certificate errors will be ignored for this session
[GFX1-]: RenderCompositorSWGL failed mapping default framebuffer, no dt
console.warn: SearchSettings: "get: No settings file exists, new profile?" (new NotFoundError("Could not open the file at /tmp/rust_mozprofilecWSBiu/search.json.mozlz4", (void 0)))
Missing chrome or resource URL: resource://gre/modules/UpdateListener.jsm
Missing chrome or resource URL: resource://gre/modules/UpdateListener.sys.mjs
DevTools listening on ws://localhost:40907/devtools/browser/98d3e240-b1e0-4a4e-af90-e782152b486a
1671126472703	Marionette	WARN	Ignoring event 'pageshow' because document has an invalid readyState of 'uninitialized'.
1671126485099	Marionette	WARN	Ignoring event 'pageshow' because document has an invalid readyState of 'uninitialized'.
Exiting due to channel error.
Exiting due to channel error.
Exiting due to channel error.
1671126527235	geckodriver	INFO	Listening on 127.0.0.1:56715
1671126527772	mozrunner::runner	INFO	Running command: "/usr/bin/firefox" "--marionette" "--remote-debugging-port" "59677" "--remote-allow-hosts" "localhost" "-no-remote" "-profile" "/tmp/rust_mozprofileNyk77W"
1671126528624	Marionette	INFO	Marionette enabled
1671126528629	Marionette	INFO	Listening on port 43541
WebDriver BiDi listening on ws://localhost:59677
Read port: 43541
JavaScript error: resource://gre/modules/addons/XPIInstall.jsm, line 691: Error: File resource://builtin-themes/resource://builtin-themes/dark/ does not contain a valid manifest
1671126528895	RemoteAgent	WARN	TLS certificate errors will be ignored for this session
console.warn: SearchSettings: "get: No settings file exists, new profile?" (new NotFoundError("Could not open the file at /tmp/rust_mozprofileNyk77W/search.json.mozlz4", (void 0)))
Missing chrome or resource URL: resource://gre/modules/UpdateListener.jsm
Missing chrome or resource URL: resource://gre/modules/UpdateListener.sys.mjs
DevTools listening on ws://localhost:59677/devtools/browser/8a52dfd3-3548-4234-b4bf-bf14681e17fa
1671126540438	Marionette	INFO	Stopped listening on port 43541
Missing chrome or resource URL: resource://gre/modules/UpdateListener.jsm
Missing chrome or resource URL: resource://gre/modules/UpdateListener.sys.mjs
console.error: "Error during quit-application-granted: [Exception... \"File error: Not found\"  nsresult: \"0x80520012 (NS_ERROR_FILE_NOT_FOUND)\"  location: \"JS frame :: resource:///modules/BrowserGlue.jsm :: _onQuitApplicationGranted/tasks< :: line 1996\"  data: no]"
JavaScript error: resource://gre/modules/ClientID.jsm, line 364: NS_ERROR_UNEXPECTED: Component returned failure code: 0x8000ffff (NS_ERROR_UNEXPECTED) [nsIPrefBranch.setStringPref]
<<<<<<< HEAD
1671126627577	geckodriver	INFO	Listening on 127.0.0.1:32925
1671126627615	mozrunner::runner	INFO	Running command: "/usr/bin/firefox" "--marionette" "--remote-debugging-port" "54587" "--remote-allow-hosts" "localhost" "-no-remote" "-profile" "/tmp/rust_mozprofileL2zUrp"
1671126628428	Marionette	INFO	Marionette enabled
1671126628433	Marionette	INFO	Listening on port 39863
WebDriver BiDi listening on ws://localhost:54587
Read port: 39863
JavaScript error: resource://gre/modules/addons/XPIInstall.jsm, line 691: Error: File resource://builtin-themes/resource://builtin-themes/dark/ does not contain a valid manifest
1671126628767	RemoteAgent	WARN	TLS certificate errors will be ignored for this session
console.warn: SearchSettings: "get: No settings file exists, new profile?" (new NotFoundError("Could not open the file at /tmp/rust_mozprofileL2zUrp/search.json.mozlz4", (void 0)))
Missing chrome or resource URL: resource://gre/modules/UpdateListener.jsm
Missing chrome or resource URL: resource://gre/modules/UpdateListener.sys.mjs
DevTools listening on ws://localhost:54587/devtools/browser/1500395d-76b4-4bf0-9bf2-8f12d8b8ea1b
1671126640589	Marionette	INFO	Stopped listening on port 39863
Missing chrome or resource URL: resource://gre/modules/UpdateListener.jsm
Missing chrome or resource URL: resource://gre/modules/UpdateListener.sys.mjs
console.error: "Error during quit-application-granted: [Exception... \"File error: Not found\"  nsresult: \"0x80520012 (NS_ERROR_FILE_NOT_FOUND)\"  location: \"JS frame :: resource:///modules/BrowserGlue.jsm :: _onQuitApplicationGranted/tasks< :: line 1996\"  data: no]"
JavaScript error: resource://gre/modules/ClientID.jsm, line 364: NS_ERROR_UNEXPECTED: Component returned failure code: 0x8000ffff (NS_ERROR_UNEXPECTED) [nsIPrefBranch.setStringPref]
=======
1671126742574	geckodriver	INFO	Listening on 127.0.0.1:59896
1671126769740	geckodriver	INFO	Listening on 127.0.0.1:60032
1671126839777	geckodriver	INFO	Listening on 127.0.0.1:60350
1671126856183	geckodriver	INFO	Listening on 127.0.0.1:60436
>>>>>>> 59f3fe2ce6327a5a22acc9aad8884d180f973d88
